2019-03-01 14:49:31.133  INFO 7380 --- [main] c.e.egoprovider.EgoProviderApplication   : No active profile set, falling back to default profiles: default
2019-03-01 14:49:31.843  INFO 7380 --- [main] o.s.cloud.context.scope.GenericScope     : BeanFactory id=cd2d071b-3704-3829-bbfe-f681c06332a8
2019-03-01 14:49:31.902  INFO 7380 --- [main] trationDelegate$BeanPostProcessorChecker : Bean 'org.springframework.transaction.annotation.ProxyTransactionManagementConfiguration' of type [org.springframework.transaction.annotation.ProxyTransactionManagementConfiguration$$EnhancerBySpringCGLIB$$29ff84ec] is not eligible for getting processed by all BeanPostProcessors (for example: not eligible for auto-proxying)
2019-03-01 14:49:31.912  INFO 7380 --- [main] trationDelegate$BeanPostProcessorChecker : Bean 'org.springframework.cloud.autoconfigure.ConfigurationPropertiesRebinderAutoConfiguration' of type [org.springframework.cloud.autoconfigure.ConfigurationPropertiesRebinderAutoConfiguration$$EnhancerBySpringCGLIB$$461987e9] is not eligible for getting processed by all BeanPostProcessors (for example: not eligible for auto-proxying)
2019-03-01 14:49:32.102  INFO 7380 --- [main] o.s.b.w.embedded.tomcat.TomcatWebServer  : Tomcat initialized with port(s): 8101 (http)
2019-03-01 14:49:32.116  INFO 7380 --- [main] o.apache.catalina.core.StandardService   : Starting service [Tomcat]
2019-03-01 14:49:32.116  INFO 7380 --- [main] org.apache.catalina.core.StandardEngine  : Starting Servlet Engine: Apache Tomcat/9.0.13
2019-03-01 14:49:32.120  INFO 7380 --- [main] o.a.catalina.core.AprLifecycleListener   : Loaded APR based Apache Tomcat Native library [1.2.18] using APR version [1.6.5].
2019-03-01 14:49:32.121  INFO 7380 --- [main] o.a.catalina.core.AprLifecycleListener   : APR capabilities: IPv6 [true], sendfile [true], accept filters [false], random [true].
2019-03-01 14:49:32.121  INFO 7380 --- [main] o.a.catalina.core.AprLifecycleListener   : APR/OpenSSL configuration: useAprConnector [false], useOpenSSL [true]
2019-03-01 14:49:32.123  INFO 7380 --- [main] o.a.catalina.core.AprLifecycleListener   : OpenSSL successfully initialized [OpenSSL 1.1.1  11 Sep 2018]
2019-03-01 14:49:32.262  INFO 7380 --- [main] o.a.c.c.C.[Tomcat].[localhost].[/]       : Initializing Spring embedded WebApplicationContext
2019-03-01 14:49:32.262  INFO 7380 --- [main] o.s.web.context.ContextLoader            : Root WebApplicationContext: initialization completed in 1090 ms
2019-03-01 14:49:32.324  INFO 7380 --- [main] c.a.d.s.b.a.DruidDataSourceAutoConfigure : Init DruidDataSource
2019-03-01 14:49:32.600  INFO 7380 --- [main] com.alibaba.druid.pool.DruidDataSource   : {dataSource-1} inited
2019-03-01 14:49:33.304  WARN 7380 --- [main] c.n.c.sources.URLConfigurationSource     : No URLs will be polled as dynamic configuration sources.
2019-03-01 14:49:33.304  INFO 7380 --- [main] c.n.c.sources.URLConfigurationSource     : To enable URLs as dynamic configuration sources, define System property archaius.configurationSource.additionalUrls or make config.properties available on classpath.
2019-03-01 14:49:33.307  WARN 7380 --- [main] c.n.c.sources.URLConfigurationSource     : No URLs will be polled as dynamic configuration sources.
2019-03-01 14:49:33.307  INFO 7380 --- [main] c.n.c.sources.URLConfigurationSource     : To enable URLs as dynamic configuration sources, define System property archaius.configurationSource.additionalUrls or make config.properties available on classpath.
2019-03-01 14:49:33.422  INFO 7380 --- [main] o.s.s.concurrent.ThreadPoolTaskExecutor  : Initializing ExecutorService 'applicationTaskExecutor'
2019-03-01 14:49:34.796  INFO 7380 --- [main] o.s.cloud.commons.util.InetUtils         : Cannot determine local hostname
2019-03-01 14:49:35.949  INFO 7380 --- [main] o.s.cloud.commons.util.InetUtils         : Cannot determine local hostname
2019-03-01 14:49:35.957  INFO 7380 --- [main] o.s.c.n.eureka.InstanceInfoFactory       : Setting initial instance status as: STARTING
2019-03-01 14:49:35.978  INFO 7380 --- [main] com.netflix.discovery.DiscoveryClient    : Initializing Eureka in region us-east-1
2019-03-01 14:49:36.323  INFO 7380 --- [main] c.n.d.provider.DiscoveryJerseyProvider   : Using JSON encoding codec LegacyJacksonJson
2019-03-01 14:49:36.323  INFO 7380 --- [main] c.n.d.provider.DiscoveryJerseyProvider   : Using JSON decoding codec LegacyJacksonJson
2019-03-01 14:49:36.402  INFO 7380 --- [main] c.n.d.provider.DiscoveryJerseyProvider   : Using XML encoding codec XStreamXml
2019-03-01 14:49:36.402  INFO 7380 --- [main] c.n.d.provider.DiscoveryJerseyProvider   : Using XML decoding codec XStreamXml
2019-03-01 14:49:36.509  INFO 7380 --- [main] c.n.d.s.r.aws.ConfigClusterResolver      : Resolving eureka endpoints via configuration
2019-03-01 14:49:36.588  INFO 7380 --- [main] com.netflix.discovery.DiscoveryClient    : Disable delta property : false
2019-03-01 14:49:36.588  INFO 7380 --- [main] com.netflix.discovery.DiscoveryClient    : Single vip registry refresh property : null
2019-03-01 14:49:36.588  INFO 7380 --- [main] com.netflix.discovery.DiscoveryClient    : Force full registry fetch : false
2019-03-01 14:49:36.588  INFO 7380 --- [main] com.netflix.discovery.DiscoveryClient    : Application is null : false
2019-03-01 14:49:36.589  INFO 7380 --- [main] com.netflix.discovery.DiscoveryClient    : Registered Applications size is zero : true
2019-03-01 14:49:36.589  INFO 7380 --- [main] com.netflix.discovery.DiscoveryClient    : Application version is -1: true
2019-03-01 14:49:36.589  INFO 7380 --- [main] com.netflix.discovery.DiscoveryClient    : Getting all instance registry info from the eureka server
2019-03-01 14:49:36.884  INFO 7380 --- [main] com.netflix.discovery.DiscoveryClient    : The response status is 200
2019-03-01 14:49:36.885  INFO 7380 --- [main] com.netflix.discovery.DiscoveryClient    : Starting heartbeat executor: renew interval is: 10
2019-03-01 14:49:36.887  INFO 7380 --- [main] c.n.discovery.InstanceInfoReplicator     : InstanceInfoReplicator onDemand update allowed rate per min is 4
2019-03-01 14:49:36.889  INFO 7380 --- [main] com.netflix.discovery.DiscoveryClient    : Discovery Client initialized at timestamp 1551422976888 with initial instances count: 0
2019-03-01 14:49:36.974  INFO 7380 --- [main] o.s.c.n.e.s.EurekaServiceRegistry        : Registering application EGO-PROVIDER with eureka with status UP
2019-03-01 14:49:36.978  INFO 7380 --- [main] com.netflix.discovery.DiscoveryClient    : Saw local status change event StatusChangeEvent [timestamp=1551422976978, current=UP, previous=STARTING]
2019-03-01 14:49:36.980  INFO 7380 --- [DiscoveryClient-InstanceInfoReplicator-0] com.netflix.discovery.DiscoveryClient    : DiscoveryClient_EGO-PROVIDER/localhost:ego-provider:8101: registering service...
2019-03-01 14:49:37.010  INFO 7380 --- [main] o.s.b.w.embedded.tomcat.TomcatWebServer  : Tomcat started on port(s): 8101 (http) with context path ''
2019-03-01 14:49:37.010  INFO 7380 --- [main] .s.c.n.e.s.EurekaAutoServiceRegistration : Updating port to 8101
2019-03-01 14:49:37.012  INFO 7380 --- [main] c.e.egoprovider.EgoProviderApplication   : Started EgoProviderApplication in 8.801 seconds (JVM running for 9.558)
2019-03-01 14:49:37.058  INFO 7380 --- [DiscoveryClient-InstanceInfoReplicator-0] com.netflix.discovery.DiscoveryClient    : DiscoveryClient_EGO-PROVIDER/localhost:ego-provider:8101 - registration status: 204
2019-03-01 14:50:06.888  INFO 7380 --- [DiscoveryClient-CacheRefreshExecutor-0] com.netflix.discovery.DiscoveryClient    : Disable delta property : false
2019-03-01 14:50:06.888  INFO 7380 --- [DiscoveryClient-CacheRefreshExecutor-0] com.netflix.discovery.DiscoveryClient    : Single vip registry refresh property : null
2019-03-01 14:50:06.888  INFO 7380 --- [DiscoveryClient-CacheRefreshExecutor-0] com.netflix.discovery.DiscoveryClient    : Force full registry fetch : false
2019-03-01 14:50:06.889  INFO 7380 --- [DiscoveryClient-CacheRefreshExecutor-0] com.netflix.discovery.DiscoveryClient    : Application is null : false
2019-03-01 14:50:06.889  INFO 7380 --- [DiscoveryClient-CacheRefreshExecutor-0] com.netflix.discovery.DiscoveryClient    : Registered Applications size is zero : true
2019-03-01 14:50:06.889  INFO 7380 --- [DiscoveryClient-CacheRefreshExecutor-0] com.netflix.discovery.DiscoveryClient    : Application version is -1: false
2019-03-01 14:50:06.889  INFO 7380 --- [DiscoveryClient-CacheRefreshExecutor-0] com.netflix.discovery.DiscoveryClient    : Getting all instance registry info from the eureka server
2019-03-01 14:50:06.925  INFO 7380 --- [DiscoveryClient-CacheRefreshExecutor-0] com.netflix.discovery.DiscoveryClient    : The response status is 200
2019-03-01 14:51:32.213  INFO 7380 --- [http-nio-8101-exec-1] o.a.c.c.C.[Tomcat].[localhost].[/]       : Initializing Spring DispatcherServlet 'dispatcherServlet'
2019-03-01 14:51:32.213  INFO 7380 --- [http-nio-8101-exec-1] o.s.web.servlet.DispatcherServlet        : Initializing Servlet 'dispatcherServlet'
2019-03-01 14:51:32.218  INFO 7380 --- [http-nio-8101-exec-1] o.s.web.servlet.DispatcherServlet        : Completed initialization in 5 ms
2019-03-01 14:54:36.592  INFO 7380 --- [AsyncResolver-bootstrap-executor-0] c.n.d.s.r.aws.ConfigClusterResolver      : Resolving eureka endpoints via configuration
2019-03-01 14:59:36.594  INFO 7380 --- [AsyncResolver-bootstrap-executor-0] c.n.d.s.r.aws.ConfigClusterResolver      : Resolving eureka endpoints via configuration
2019-03-01 15:04:36.596  INFO 7380 --- [AsyncResolver-bootstrap-executor-0] c.n.d.s.r.aws.ConfigClusterResolver      : Resolving eureka endpoints via configuration
2019-03-01 15:09:36.597  INFO 7380 --- [AsyncResolver-bootstrap-executor-0] c.n.d.s.r.aws.ConfigClusterResolver      : Resolving eureka endpoints via configuration
2019-03-01 15:14:36.599  INFO 7380 --- [AsyncResolver-bootstrap-executor-0] c.n.d.s.r.aws.ConfigClusterResolver      : Resolving eureka endpoints via configuration
2019-03-01 15:19:36.600  INFO 7380 --- [AsyncResolver-bootstrap-executor-0] c.n.d.s.r.aws.ConfigClusterResolver      : Resolving eureka endpoints via configuration
2019-03-01 15:24:36.603  INFO 7380 --- [AsyncResolver-bootstrap-executor-0] c.n.d.s.r.aws.ConfigClusterResolver      : Resolving eureka endpoints via configuration
2019-03-01 15:29:36.605  INFO 7380 --- [AsyncResolver-bootstrap-executor-0] c.n.d.s.r.aws.ConfigClusterResolver      : Resolving eureka endpoints via configuration
2019-03-01 15:34:36.608  INFO 7380 --- [AsyncResolver-bootstrap-executor-0] c.n.d.s.r.aws.ConfigClusterResolver      : Resolving eureka endpoints via configuration
2019-03-01 15:39:36.610  INFO 7380 --- [AsyncResolver-bootstrap-executor-0] c.n.d.s.r.aws.ConfigClusterResolver      : Resolving eureka endpoints via configuration
2019-03-01 15:44:36.612  INFO 7380 --- [AsyncResolver-bootstrap-executor-0] c.n.d.s.r.aws.ConfigClusterResolver      : Resolving eureka endpoints via configuration
2019-03-01 15:47:30.910  INFO 16732 --- [main] c.e.egoprovider.EgoProviderApplication   : No active profile set, falling back to default profiles: default
2019-03-01 15:47:31.414  INFO 16732 --- [main] o.s.cloud.context.scope.GenericScope     : BeanFactory id=cd2d071b-3704-3829-bbfe-f681c06332a8
2019-03-01 15:47:31.474  INFO 16732 --- [main] trationDelegate$BeanPostProcessorChecker : Bean 'org.springframework.transaction.annotation.ProxyTransactionManagementConfiguration' of type [org.springframework.transaction.annotation.ProxyTransactionManagementConfiguration$$EnhancerBySpringCGLIB$$464c0c59] is not eligible for getting processed by all BeanPostProcessors (for example: not eligible for auto-proxying)
2019-03-01 15:47:31.483  INFO 16732 --- [main] trationDelegate$BeanPostProcessorChecker : Bean 'org.springframework.cloud.autoconfigure.ConfigurationPropertiesRebinderAutoConfiguration' of type [org.springframework.cloud.autoconfigure.ConfigurationPropertiesRebinderAutoConfiguration$$EnhancerBySpringCGLIB$$62660f56] is not eligible for getting processed by all BeanPostProcessors (for example: not eligible for auto-proxying)
2019-03-01 15:47:31.675  INFO 16732 --- [main] o.s.b.w.embedded.tomcat.TomcatWebServer  : Tomcat initialized with port(s): 8101 (http)
2019-03-01 15:47:31.688  INFO 16732 --- [main] o.apache.catalina.core.StandardService   : Starting service [Tomcat]
2019-03-01 15:47:31.688  INFO 16732 --- [main] org.apache.catalina.core.StandardEngine  : Starting Servlet Engine: Apache Tomcat/9.0.13
2019-03-01 15:47:31.693  INFO 16732 --- [main] o.a.catalina.core.AprLifecycleListener   : Loaded APR based Apache Tomcat Native library [1.2.18] using APR version [1.6.5].
2019-03-01 15:47:31.693  INFO 16732 --- [main] o.a.catalina.core.AprLifecycleListener   : APR capabilities: IPv6 [true], sendfile [true], accept filters [false], random [true].
2019-03-01 15:47:31.693  INFO 16732 --- [main] o.a.catalina.core.AprLifecycleListener   : APR/OpenSSL configuration: useAprConnector [false], useOpenSSL [true]
2019-03-01 15:47:31.695  INFO 16732 --- [main] o.a.catalina.core.AprLifecycleListener   : OpenSSL successfully initialized [OpenSSL 1.1.1  11 Sep 2018]
2019-03-01 15:47:31.836  INFO 16732 --- [main] o.a.c.c.C.[Tomcat].[localhost].[/]       : Initializing Spring embedded WebApplicationContext
2019-03-01 15:47:31.837  INFO 16732 --- [main] o.s.web.context.ContextLoader            : Root WebApplicationContext: initialization completed in 916 ms
2019-03-01 15:47:31.907  INFO 16732 --- [main] c.a.d.s.b.a.DruidDataSourceAutoConfigure : Init DruidDataSource
2019-03-01 15:47:32.155  INFO 16732 --- [main] com.alibaba.druid.pool.DruidDataSource   : {dataSource-1} inited
2019-03-01 15:47:32.682  WARN 16732 --- [main] c.n.c.sources.URLConfigurationSource     : No URLs will be polled as dynamic configuration sources.
2019-03-01 15:47:32.683  INFO 16732 --- [main] c.n.c.sources.URLConfigurationSource     : To enable URLs as dynamic configuration sources, define System property archaius.configurationSource.additionalUrls or make config.properties available on classpath.
2019-03-01 15:47:32.685  WARN 16732 --- [main] c.n.c.sources.URLConfigurationSource     : No URLs will be polled as dynamic configuration sources.
2019-03-01 15:47:32.685  INFO 16732 --- [main] c.n.c.sources.URLConfigurationSource     : To enable URLs as dynamic configuration sources, define System property archaius.configurationSource.additionalUrls or make config.properties available on classpath.
2019-03-01 15:47:32.810  INFO 16732 --- [main] o.s.s.concurrent.ThreadPoolTaskExecutor  : Initializing ExecutorService 'applicationTaskExecutor'
2019-03-01 15:47:34.232  INFO 16732 --- [main] o.s.cloud.commons.util.InetUtils         : Cannot determine local hostname
2019-03-01 15:47:35.379  INFO 16732 --- [main] o.s.cloud.commons.util.InetUtils         : Cannot determine local hostname
2019-03-01 15:47:35.385  INFO 16732 --- [main] o.s.c.n.eureka.InstanceInfoFactory       : Setting initial instance status as: STARTING
2019-03-01 15:47:35.406  INFO 16732 --- [main] com.netflix.discovery.DiscoveryClient    : Initializing Eureka in region us-east-1
2019-03-01 15:47:35.618  INFO 16732 --- [main] c.n.d.provider.DiscoveryJerseyProvider   : Using JSON encoding codec LegacyJacksonJson
2019-03-01 15:47:35.618  INFO 16732 --- [main] c.n.d.provider.DiscoveryJerseyProvider   : Using JSON decoding codec LegacyJacksonJson
2019-03-01 15:47:35.688  INFO 16732 --- [main] c.n.d.provider.DiscoveryJerseyProvider   : Using XML encoding codec XStreamXml
2019-03-01 15:47:35.688  INFO 16732 --- [main] c.n.d.provider.DiscoveryJerseyProvider   : Using XML decoding codec XStreamXml
2019-03-01 15:47:35.794  INFO 16732 --- [main] c.n.d.s.r.aws.ConfigClusterResolver      : Resolving eureka endpoints via configuration
2019-03-01 15:47:35.878  INFO 16732 --- [main] com.netflix.discovery.DiscoveryClient    : Disable delta property : false
2019-03-01 15:47:35.878  INFO 16732 --- [main] com.netflix.discovery.DiscoveryClient    : Single vip registry refresh property : null
2019-03-01 15:47:35.878  INFO 16732 --- [main] com.netflix.discovery.DiscoveryClient    : Force full registry fetch : false
2019-03-01 15:47:35.878  INFO 16732 --- [main] com.netflix.discovery.DiscoveryClient    : Application is null : false
2019-03-01 15:47:35.878  INFO 16732 --- [main] com.netflix.discovery.DiscoveryClient    : Registered Applications size is zero : true
2019-03-01 15:47:35.878  INFO 16732 --- [main] com.netflix.discovery.DiscoveryClient    : Application version is -1: true
2019-03-01 15:47:35.878  INFO 16732 --- [main] com.netflix.discovery.DiscoveryClient    : Getting all instance registry info from the eureka server
2019-03-01 15:47:35.981  INFO 16732 --- [main] com.netflix.discovery.DiscoveryClient    : The response status is 200
2019-03-01 15:47:35.983  INFO 16732 --- [main] com.netflix.discovery.DiscoveryClient    : Starting heartbeat executor: renew interval is: 10
2019-03-01 15:47:35.984  INFO 16732 --- [main] c.n.discovery.InstanceInfoReplicator     : InstanceInfoReplicator onDemand update allowed rate per min is 4
2019-03-01 15:47:35.987  INFO 16732 --- [main] com.netflix.discovery.DiscoveryClient    : Discovery Client initialized at timestamp 1551426455986 with initial instances count: 2
2019-03-01 15:47:36.071  INFO 16732 --- [main] o.s.c.n.e.s.EurekaServiceRegistry        : Registering application EGO-PROVIDER with eureka with status UP
2019-03-01 15:47:36.071  INFO 16732 --- [main] com.netflix.discovery.DiscoveryClient    : Saw local status change event StatusChangeEvent [timestamp=1551426456071, current=UP, previous=STARTING]
2019-03-01 15:47:36.073  INFO 16732 --- [DiscoveryClient-InstanceInfoReplicator-0] com.netflix.discovery.DiscoveryClient    : DiscoveryClient_EGO-PROVIDER/localhost:ego-provider:8101: registering service...
2019-03-01 15:47:36.101  INFO 16732 --- [DiscoveryClient-InstanceInfoReplicator-0] com.netflix.discovery.DiscoveryClient    : DiscoveryClient_EGO-PROVIDER/localhost:ego-provider:8101 - registration status: 204
2019-03-01 15:47:36.102  INFO 16732 --- [main] o.s.b.w.embedded.tomcat.TomcatWebServer  : Tomcat started on port(s): 8101 (http) with context path ''
2019-03-01 15:47:36.102  INFO 16732 --- [main] .s.c.n.e.s.EurekaAutoServiceRegistration : Updating port to 8101
2019-03-01 15:47:36.104  INFO 16732 --- [main] c.e.egoprovider.EgoProviderApplication   : Started EgoProviderApplication in 8.09 seconds (JVM running for 8.835)
2019-03-01 15:52:35.881  INFO 16732 --- [AsyncResolver-bootstrap-executor-0] c.n.d.s.r.aws.ConfigClusterResolver      : Resolving eureka endpoints via configuration
2019-03-01 15:52:44.529  INFO 16732 --- [http-nio-8101-exec-4] o.a.c.c.C.[Tomcat].[localhost].[/]       : Initializing Spring DispatcherServlet 'dispatcherServlet'
2019-03-01 15:52:44.529  INFO 16732 --- [http-nio-8101-exec-4] o.s.web.servlet.DispatcherServlet        : Initializing Servlet 'dispatcherServlet'
2019-03-01 15:52:44.534  INFO 16732 --- [http-nio-8101-exec-4] o.s.web.servlet.DispatcherServlet        : Completed initialization in 5 ms
2019-03-01 15:53:52.857  INFO 776 --- [main] c.e.egoprovider.EgoProviderApplication   : No active profile set, falling back to default profiles: default
2019-03-01 15:53:53.361  INFO 776 --- [main] o.s.cloud.context.scope.GenericScope     : BeanFactory id=cd2d071b-3704-3829-bbfe-f681c06332a8
2019-03-01 15:53:53.421  INFO 776 --- [main] trationDelegate$BeanPostProcessorChecker : Bean 'org.springframework.transaction.annotation.ProxyTransactionManagementConfiguration' of type [org.springframework.transaction.annotation.ProxyTransactionManagementConfiguration$$EnhancerBySpringCGLIB$$455fc5f0] is not eligible for getting processed by all BeanPostProcessors (for example: not eligible for auto-proxying)
2019-03-01 15:53:53.430  INFO 776 --- [main] trationDelegate$BeanPostProcessorChecker : Bean 'org.springframework.cloud.autoconfigure.ConfigurationPropertiesRebinderAutoConfiguration' of type [org.springframework.cloud.autoconfigure.ConfigurationPropertiesRebinderAutoConfiguration$$EnhancerBySpringCGLIB$$6179c8ed] is not eligible for getting processed by all BeanPostProcessors (for example: not eligible for auto-proxying)
2019-03-01 15:53:53.635  INFO 776 --- [main] o.s.b.w.embedded.tomcat.TomcatWebServer  : Tomcat initialized with port(s): 8101 (http)
2019-03-01 15:53:53.651  INFO 776 --- [main] o.apache.catalina.core.StandardService   : Starting service [Tomcat]
2019-03-01 15:53:53.651  INFO 776 --- [main] org.apache.catalina.core.StandardEngine  : Starting Servlet Engine: Apache Tomcat/9.0.13
2019-03-01 15:53:53.656  INFO 776 --- [main] o.a.catalina.core.AprLifecycleListener   : Loaded APR based Apache Tomcat Native library [1.2.18] using APR version [1.6.5].
2019-03-01 15:53:53.656  INFO 776 --- [main] o.a.catalina.core.AprLifecycleListener   : APR capabilities: IPv6 [true], sendfile [true], accept filters [false], random [true].
2019-03-01 15:53:53.656  INFO 776 --- [main] o.a.catalina.core.AprLifecycleListener   : APR/OpenSSL configuration: useAprConnector [false], useOpenSSL [true]
2019-03-01 15:53:53.659  INFO 776 --- [main] o.a.catalina.core.AprLifecycleListener   : OpenSSL successfully initialized [OpenSSL 1.1.1  11 Sep 2018]
2019-03-01 15:53:53.790  INFO 776 --- [main] o.a.c.c.C.[Tomcat].[localhost].[/]       : Initializing Spring embedded WebApplicationContext
2019-03-01 15:53:53.790  INFO 776 --- [main] o.s.web.context.ContextLoader            : Root WebApplicationContext: initialization completed in 922 ms
2019-03-01 15:53:53.859  INFO 776 --- [main] c.a.d.s.b.a.DruidDataSourceAutoConfigure : Init DruidDataSource
2019-03-01 15:53:54.073  INFO 776 --- [main] com.alibaba.druid.pool.DruidDataSource   : {dataSource-1} inited
2019-03-01 15:53:54.601  WARN 776 --- [main] c.n.c.sources.URLConfigurationSource     : No URLs will be polled as dynamic configuration sources.
2019-03-01 15:53:54.601  INFO 776 --- [main] c.n.c.sources.URLConfigurationSource     : To enable URLs as dynamic configuration sources, define System property archaius.configurationSource.additionalUrls or make config.properties available on classpath.
2019-03-01 15:53:54.604  WARN 776 --- [main] c.n.c.sources.URLConfigurationSource     : No URLs will be polled as dynamic configuration sources.
2019-03-01 15:53:54.604  INFO 776 --- [main] c.n.c.sources.URLConfigurationSource     : To enable URLs as dynamic configuration sources, define System property archaius.configurationSource.additionalUrls or make config.properties available on classpath.
2019-03-01 15:53:54.731  INFO 776 --- [main] o.s.s.concurrent.ThreadPoolTaskExecutor  : Initializing ExecutorService 'applicationTaskExecutor'
2019-03-01 15:53:56.106  INFO 776 --- [main] o.s.cloud.commons.util.InetUtils         : Cannot determine local hostname
2019-03-01 15:53:57.255  INFO 776 --- [main] o.s.cloud.commons.util.InetUtils         : Cannot determine local hostname
2019-03-01 15:53:57.263  INFO 776 --- [main] o.s.c.n.eureka.InstanceInfoFactory       : Setting initial instance status as: STARTING
2019-03-01 15:53:57.282  INFO 776 --- [main] com.netflix.discovery.DiscoveryClient    : Initializing Eureka in region us-east-1
2019-03-01 15:53:57.482  INFO 776 --- [main] c.n.d.provider.DiscoveryJerseyProvider   : Using JSON encoding codec LegacyJacksonJson
2019-03-01 15:53:57.482  INFO 776 --- [main] c.n.d.provider.DiscoveryJerseyProvider   : Using JSON decoding codec LegacyJacksonJson
2019-03-01 15:53:57.548  INFO 776 --- [main] c.n.d.provider.DiscoveryJerseyProvider   : Using XML encoding codec XStreamXml
2019-03-01 15:53:57.548  INFO 776 --- [main] c.n.d.provider.DiscoveryJerseyProvider   : Using XML decoding codec XStreamXml
2019-03-01 15:53:57.656  INFO 776 --- [main] c.n.d.s.r.aws.ConfigClusterResolver      : Resolving eureka endpoints via configuration
2019-03-01 15:53:57.733  INFO 776 --- [main] com.netflix.discovery.DiscoveryClient    : Disable delta property : false
2019-03-01 15:53:57.733  INFO 776 --- [main] com.netflix.discovery.DiscoveryClient    : Single vip registry refresh property : null
2019-03-01 15:53:57.733  INFO 776 --- [main] com.netflix.discovery.DiscoveryClient    : Force full registry fetch : false
2019-03-01 15:53:57.733  INFO 776 --- [main] com.netflix.discovery.DiscoveryClient    : Application is null : false
2019-03-01 15:53:57.733  INFO 776 --- [main] com.netflix.discovery.DiscoveryClient    : Registered Applications size is zero : true
2019-03-01 15:53:57.733  INFO 776 --- [main] com.netflix.discovery.DiscoveryClient    : Application version is -1: true
2019-03-01 15:53:57.733  INFO 776 --- [main] com.netflix.discovery.DiscoveryClient    : Getting all instance registry info from the eureka server
2019-03-01 15:53:57.832  INFO 776 --- [main] com.netflix.discovery.DiscoveryClient    : The response status is 200
2019-03-01 15:53:57.833  INFO 776 --- [main] com.netflix.discovery.DiscoveryClient    : Starting heartbeat executor: renew interval is: 10
2019-03-01 15:53:57.835  INFO 776 --- [main] c.n.discovery.InstanceInfoReplicator     : InstanceInfoReplicator onDemand update allowed rate per min is 4
2019-03-01 15:53:57.836  INFO 776 --- [main] com.netflix.discovery.DiscoveryClient    : Discovery Client initialized at timestamp 1551426837836 with initial instances count: 2
2019-03-01 15:53:57.921  INFO 776 --- [main] o.s.c.n.e.s.EurekaServiceRegistry        : Registering application EGO-PROVIDER with eureka with status UP
2019-03-01 15:53:57.921  INFO 776 --- [main] com.netflix.discovery.DiscoveryClient    : Saw local status change event StatusChangeEvent [timestamp=1551426837921, current=UP, previous=STARTING]
2019-03-01 15:53:57.923  INFO 776 --- [DiscoveryClient-InstanceInfoReplicator-0] com.netflix.discovery.DiscoveryClient    : DiscoveryClient_EGO-PROVIDER/localhost:ego-provider:8101: registering service...
2019-03-01 15:53:57.951  INFO 776 --- [DiscoveryClient-InstanceInfoReplicator-0] com.netflix.discovery.DiscoveryClient    : DiscoveryClient_EGO-PROVIDER/localhost:ego-provider:8101 - registration status: 204
2019-03-01 15:53:57.951  INFO 776 --- [main] o.s.b.w.embedded.tomcat.TomcatWebServer  : Tomcat started on port(s): 8101 (http) with context path ''
2019-03-01 15:53:57.952  INFO 776 --- [main] .s.c.n.e.s.EurekaAutoServiceRegistration : Updating port to 8101
2019-03-01 15:53:57.953  INFO 776 --- [main] c.e.egoprovider.EgoProviderApplication   : Started EgoProviderApplication in 7.995 seconds (JVM running for 8.749)
2019-03-01 15:58:57.736  INFO 776 --- [AsyncResolver-bootstrap-executor-0] c.n.d.s.r.aws.ConfigClusterResolver      : Resolving eureka endpoints via configuration
2019-03-01 16:03:57.738  INFO 776 --- [AsyncResolver-bootstrap-executor-0] c.n.d.s.r.aws.ConfigClusterResolver      : Resolving eureka endpoints via configuration
2019-03-01 16:05:16.839  INFO 776 --- [http-nio-8101-exec-1] o.a.c.c.C.[Tomcat].[localhost].[/]       : Initializing Spring DispatcherServlet 'dispatcherServlet'
2019-03-01 16:05:16.839  INFO 776 --- [http-nio-8101-exec-1] o.s.web.servlet.DispatcherServlet        : Initializing Servlet 'dispatcherServlet'
2019-03-01 16:05:16.844  INFO 776 --- [http-nio-8101-exec-1] o.s.web.servlet.DispatcherServlet        : Completed initialization in 5 ms
2019-03-01 16:08:57.738  INFO 776 --- [AsyncResolver-bootstrap-executor-0] c.n.d.s.r.aws.ConfigClusterResolver      : Resolving eureka endpoints via configuration
2019-03-01 16:13:57.740  INFO 776 --- [AsyncResolver-bootstrap-executor-0] c.n.d.s.r.aws.ConfigClusterResolver      : Resolving eureka endpoints via configuration
2019-03-01 16:18:57.742  INFO 776 --- [AsyncResolver-bootstrap-executor-0] c.n.d.s.r.aws.ConfigClusterResolver      : Resolving eureka endpoints via configuration
2019-03-01 16:23:57.744  INFO 776 --- [AsyncResolver-bootstrap-executor-0] c.n.d.s.r.aws.ConfigClusterResolver      : Resolving eureka endpoints via configuration
2019-03-01 16:28:57.745  INFO 776 --- [AsyncResolver-bootstrap-executor-0] c.n.d.s.r.aws.ConfigClusterResolver      : Resolving eureka endpoints via configuration
2019-03-01 16:33:57.747  INFO 776 --- [AsyncResolver-bootstrap-executor-0] c.n.d.s.r.aws.ConfigClusterResolver      : Resolving eureka endpoints via configuration
2019-03-01 16:38:57.748  INFO 776 --- [AsyncResolver-bootstrap-executor-0] c.n.d.s.r.aws.ConfigClusterResolver      : Resolving eureka endpoints via configuration
2019-03-01 16:43:57.750  INFO 776 --- [AsyncResolver-bootstrap-executor-0] c.n.d.s.r.aws.ConfigClusterResolver      : Resolving eureka endpoints via configuration
2019-03-01 16:48:57.752  INFO 776 --- [AsyncResolver-bootstrap-executor-0] c.n.d.s.r.aws.ConfigClusterResolver      : Resolving eureka endpoints via configuration
2019-03-01 16:53:57.753  INFO 776 --- [AsyncResolver-bootstrap-executor-0] c.n.d.s.r.aws.ConfigClusterResolver      : Resolving eureka endpoints via configuration
2019-03-01 16:58:57.755  INFO 776 --- [AsyncResolver-bootstrap-executor-0] c.n.d.s.r.aws.ConfigClusterResolver      : Resolving eureka endpoints via configuration
2019-03-01 17:03:57.755  INFO 776 --- [AsyncResolver-bootstrap-executor-0] c.n.d.s.r.aws.ConfigClusterResolver      : Resolving eureka endpoints via configuration
2019-03-01 17:08:57.758  INFO 776 --- [AsyncResolver-bootstrap-executor-0] c.n.d.s.r.aws.ConfigClusterResolver      : Resolving eureka endpoints via configuration
2019-03-01 17:13:57.760  INFO 776 --- [AsyncResolver-bootstrap-executor-0] c.n.d.s.r.aws.ConfigClusterResolver      : Resolving eureka endpoints via configuration
2019-03-01 17:18:57.761  INFO 776 --- [AsyncResolver-bootstrap-executor-0] c.n.d.s.r.aws.ConfigClusterResolver      : Resolving eureka endpoints via configuration
2019-03-01 17:23:57.763  INFO 776 --- [AsyncResolver-bootstrap-executor-0] c.n.d.s.r.aws.ConfigClusterResolver      : Resolving eureka endpoints via configuration
2019-03-01 17:28:57.764  INFO 776 --- [AsyncResolver-bootstrap-executor-0] c.n.d.s.r.aws.ConfigClusterResolver      : Resolving eureka endpoints via configuration
2019-03-01 17:33:57.765  INFO 776 --- [AsyncResolver-bootstrap-executor-0] c.n.d.s.r.aws.ConfigClusterResolver      : Resolving eureka endpoints via configuration
